<?xml version="1.0" encoding="UTF-8"?>
<testsuite xmlns:xsi="http://www.w3.org/2001/XMLSchema-instance" xsi:noNamespaceSchemaLocation="https://maven.apache.org/surefire/maven-surefire-plugin/xsd/surefire-test-report-3.0.xsd" version="3.0" name="TestSuite" time="18.819" tests="2" errors="0" skipped="0" failures="0">
  <properties>
    <property name="java.specification.version" value="19"/>
    <property name="sun.jnu.encoding" value="UTF-8"/>
    <property name="java.class.path" value="/Users/talha.shahab/dev/test2/target/test-classes:/Users/talha.shahab/dev/test2/target/classes:/Users/talha.shahab/.m2/repository/org/testng/testng/6.14.3/testng-6.14.3.jar:/Users/talha.shahab/.m2/repository/com/beust/jcommander/1.72/jcommander-1.72.jar:/Users/talha.shahab/.m2/repository/org/apache-extras/beanshell/bsh/2.0b6/bsh-2.0b6.jar:/Users/talha.shahab/.m2/repository/io/rest-assured/rest-assured/4.1.0/rest-assured-4.1.0.jar:/Users/talha.shahab/.m2/repository/org/codehaus/groovy/groovy/2.5.6/groovy-2.5.6.jar:/Users/talha.shahab/.m2/repository/org/codehaus/groovy/groovy-xml/2.5.6/groovy-xml-2.5.6.jar:/Users/talha.shahab/.m2/repository/org/apache/httpcomponents/httpmime/4.5.3/httpmime-4.5.3.jar:/Users/talha.shahab/.m2/repository/org/hamcrest/hamcrest/2.1/hamcrest-2.1.jar:/Users/talha.shahab/.m2/repository/org/ccil/cowan/tagsoup/tagsoup/1.2.1/tagsoup-1.2.1.jar:/Users/talha.shahab/.m2/repository/io/rest-assured/json-path/4.1.0/json-path-4.1.0.jar:/Users/talha.shahab/.m2/repository/org/codehaus/groovy/groovy-json/2.5.6/groovy-json-2.5.6.jar:/Users/talha.shahab/.m2/repository/io/rest-assured/rest-assured-common/4.1.0/rest-assured-common-4.1.0.jar:/Users/talha.shahab/.m2/repository/io/rest-assured/xml-path/4.1.0/xml-path-4.1.0.jar:/Users/talha.shahab/.m2/repository/javax/xml/bind/jaxb-api/2.2.12/jaxb-api-2.2.12.jar:/Users/talha.shahab/.m2/repository/com/sun/xml/bind/jaxb-osgi/2.2.10/jaxb-osgi-2.2.10.jar:/Users/talha.shahab/.m2/repository/org/apache/sling/org.apache.sling.javax.activation/0.1.0/org.apache.sling.javax.activation-0.1.0.jar:/Users/talha.shahab/.m2/repository/org/seleniumhq/selenium/selenium-java/3.141.59/selenium-java-3.141.59.jar:/Users/talha.shahab/.m2/repository/org/seleniumhq/selenium/selenium-api/3.141.59/selenium-api-3.141.59.jar:/Users/talha.shahab/.m2/repository/org/seleniumhq/selenium/selenium-chrome-driver/3.141.59/selenium-chrome-driver-3.141.59.jar:/Users/talha.shahab/.m2/repository/org/seleniumhq/selenium/selenium-edge-driver/3.141.59/selenium-edge-driver-3.141.59.jar:/Users/talha.shahab/.m2/repository/org/seleniumhq/selenium/selenium-firefox-driver/3.141.59/selenium-firefox-driver-3.141.59.jar:/Users/talha.shahab/.m2/repository/org/seleniumhq/selenium/selenium-ie-driver/3.141.59/selenium-ie-driver-3.141.59.jar:/Users/talha.shahab/.m2/repository/org/seleniumhq/selenium/selenium-opera-driver/3.141.59/selenium-opera-driver-3.141.59.jar:/Users/talha.shahab/.m2/repository/org/seleniumhq/selenium/selenium-remote-driver/3.141.59/selenium-remote-driver-3.141.59.jar:/Users/talha.shahab/.m2/repository/org/seleniumhq/selenium/selenium-safari-driver/3.141.59/selenium-safari-driver-3.141.59.jar:/Users/talha.shahab/.m2/repository/org/seleniumhq/selenium/selenium-support/3.141.59/selenium-support-3.141.59.jar:/Users/talha.shahab/.m2/repository/net/bytebuddy/byte-buddy/1.8.15/byte-buddy-1.8.15.jar:/Users/talha.shahab/.m2/repository/org/apache/commons/commons-exec/1.3/commons-exec-1.3.jar:/Users/talha.shahab/.m2/repository/com/google/guava/guava/25.0-jre/guava-25.0-jre.jar:/Users/talha.shahab/.m2/repository/com/google/code/findbugs/jsr305/1.3.9/jsr305-1.3.9.jar:/Users/talha.shahab/.m2/repository/org/checkerframework/checker-compat-qual/2.0.0/checker-compat-qual-2.0.0.jar:/Users/talha.shahab/.m2/repository/com/google/errorprone/error_prone_annotations/2.1.3/error_prone_annotations-2.1.3.jar:/Users/talha.shahab/.m2/repository/com/google/j2objc/j2objc-annotations/1.1/j2objc-annotations-1.1.jar:/Users/talha.shahab/.m2/repository/org/codehaus/mojo/animal-sniffer-annotations/1.14/animal-sniffer-annotations-1.14.jar:/Users/talha.shahab/.m2/repository/com/squareup/okhttp3/okhttp/3.11.0/okhttp-3.11.0.jar:/Users/talha.shahab/.m2/repository/com/squareup/okio/okio/1.14.0/okio-1.14.0.jar:/Users/talha.shahab/.m2/repository/org/apache/httpcomponents/httpclient/4.5.9/httpclient-4.5.9.jar:/Users/talha.shahab/.m2/repository/org/apache/httpcomponents/httpcore/4.4.11/httpcore-4.4.11.jar:/Users/talha.shahab/.m2/repository/commons-logging/commons-logging/1.2/commons-logging-1.2.jar:/Users/talha.shahab/.m2/repository/commons-codec/commons-codec/1.11/commons-codec-1.11.jar:/Users/talha.shahab/.m2/repository/org/apache/logging/log4j/log4j-api/2.16.0/log4j-api-2.16.0.jar:/Users/talha.shahab/.m2/repository/org/apache/logging/log4j/log4j-core/2.16.0/log4j-core-2.16.0.jar:/Users/talha.shahab/.m2/repository/commons-io/commons-io/2.6/commons-io-2.6.jar:/Users/talha.shahab/.m2/repository/org/apache/commons/commons-lang3/3.8.1/commons-lang3-3.8.1.jar:/Users/talha.shahab/.m2/repository/commons-httpclient/commons-httpclient/3.1/commons-httpclient-3.1.jar:/Users/talha.shahab/.m2/repository/com/fasterxml/jackson/core/jackson-databind/2.9.4/jackson-databind-2.9.4.jar:/Users/talha.shahab/.m2/repository/com/fasterxml/jackson/core/jackson-annotations/2.9.0/jackson-annotations-2.9.0.jar:/Users/talha.shahab/.m2/repository/org/apache/commons/commons-email/1.2/commons-email-1.2.jar:/Users/talha.shahab/.m2/repository/javax/mail/mail/1.4.1/mail-1.4.1.jar:/Users/talha.shahab/.m2/repository/javax/activation/activation/1.1/activation-1.1.jar:/Users/talha.shahab/.m2/repository/org/apache/commons/commons-text/1.6/commons-text-1.6.jar:/Users/talha.shahab/.m2/repository/org/yaml/snakeyaml/1.21/snakeyaml-1.21.jar:/Users/talha.shahab/.m2/repository/com/google/code/gson/gson/2.8.5/gson-2.8.5.jar:/Users/talha.shahab/.m2/repository/com/github/jsurfer/jsurfer-jsonsimple/1.4.3/jsurfer-jsonsimple-1.4.3.jar:/Users/talha.shahab/.m2/repository/com/github/jsurfer/jsurfer-core/1.4.3/jsurfer-core-1.4.3.jar:/Users/talha.shahab/.m2/repository/org/antlr/antlr4-runtime/4.7.1/antlr4-runtime-4.7.1.jar:/Users/talha.shahab/.m2/repository/com/googlecode/json-simple/json-simple/1.1.1/json-simple-1.1.1.jar:/Users/talha.shahab/.m2/repository/com/evanlennick/retry4j/0.15.0/retry4j-0.15.0.jar:/Users/talha.shahab/.m2/repository/org/slf4j/slf4j-api/1.7.19/slf4j-api-1.7.19.jar:/Users/talha.shahab/.m2/repository/net/javacrumbs/json-unit/json-unit-assertj/2.3.0/json-unit-assertj-2.3.0.jar:/Users/talha.shahab/.m2/repository/net/javacrumbs/json-unit/json-unit-core/2.3.0/json-unit-core-2.3.0.jar:/Users/talha.shahab/.m2/repository/net/javacrumbs/json-unit/json-unit-json-path/2.3.0/json-unit-json-path-2.3.0.jar:/Users/talha.shahab/.m2/repository/com/jayway/jsonpath/json-path/2.4.0/json-path-2.4.0.jar:/Users/talha.shahab/.m2/repository/net/minidev/json-smart/2.3/json-smart-2.3.jar:/Users/talha.shahab/.m2/repository/net/minidev/accessors-smart/1.2/accessors-smart-1.2.jar:/Users/talha.shahab/.m2/repository/org/json/json/20180130/json-20180130.jar:/Users/talha.shahab/.m2/repository/org/assertj/assertj-core/3.11.1/assertj-core-3.11.1.jar:/Users/talha.shahab/.m2/repository/com/amazonaws/aws-lambda-java-core/1.2.0/aws-lambda-java-core-1.2.0.jar:/Users/talha.shahab/.m2/repository/org/apache/maven/plugins/maven-shade-plugin/3.2.1/maven-shade-plugin-3.2.1.jar:/Users/talha.shahab/.m2/repository/org/apache/maven/maven-plugin-api/3.0/maven-plugin-api-3.0.jar:/Users/talha.shahab/.m2/repository/org/sonatype/sisu/sisu-inject-plexus/1.4.2/sisu-inject-plexus-1.4.2.jar:/Users/talha.shahab/.m2/repository/org/sonatype/sisu/sisu-inject-bean/1.4.2/sisu-inject-bean-1.4.2.jar:/Users/talha.shahab/.m2/repository/org/sonatype/sisu/sisu-guice/2.1.7/sisu-guice-2.1.7-noaop.jar:/Users/talha.shahab/.m2/repository/org/apache/maven/maven-model/3.0/maven-model-3.0.jar:/Users/talha.shahab/.m2/repository/org/apache/maven/maven-core/3.0/maven-core-3.0.jar:/Users/talha.shahab/.m2/repository/org/apache/maven/maven-settings/3.0/maven-settings-3.0.jar:/Users/talha.shahab/.m2/repository/org/apache/maven/maven-settings-builder/3.0/maven-settings-builder-3.0.jar:/Users/talha.shahab/.m2/repository/org/apache/maven/maven-repository-metadata/3.0/maven-repository-metadata-3.0.jar:/Users/talha.shahab/.m2/repository/org/apache/maven/maven-model-builder/3.0/maven-model-builder-3.0.jar:/Users/talha.shahab/.m2/repository/org/apache/maven/maven-aether-provider/3.0/maven-aether-provider-3.0.jar:/Users/talha.shahab/.m2/repository/org/sonatype/aether/aether-impl/1.7/aether-impl-1.7.jar:/Users/talha.shahab/.m2/repository/org/sonatype/aether/aether-spi/1.7/aether-spi-1.7.jar:/Users/talha.shahab/.m2/repository/org/sonatype/aether/aether-api/1.7/aether-api-1.7.jar:/Users/talha.shahab/.m2/repository/org/sonatype/aether/aether-util/1.7/aether-util-1.7.jar:/Users/talha.shahab/.m2/repository/org/codehaus/plexus/plexus-interpolation/1.14/plexus-interpolation-1.14.jar:/Users/talha.shahab/.m2/repository/org/codehaus/plexus/plexus-classworlds/2.2.3/plexus-classworlds-2.2.3.jar:/Users/talha.shahab/.m2/repository/org/codehaus/plexus/plexus-component-annotations/1.5.5/plexus-component-annotations-1.5.5.jar:/Users/talha.shahab/.m2/repository/org/sonatype/plexus/plexus-sec-dispatcher/1.3/plexus-sec-dispatcher-1.3.jar:/Users/talha.shahab/.m2/repository/org/sonatype/plexus/plexus-cipher/1.4/plexus-cipher-1.4.jar:/Users/talha.shahab/.m2/repository/org/apache/maven/maven-artifact/3.0/maven-artifact-3.0.jar:/Users/talha.shahab/.m2/repository/org/codehaus/plexus/plexus-utils/3.1.0/plexus-utils-3.1.0.jar:/Users/talha.shahab/.m2/repository/org/apache/maven/shared/maven-artifact-transfer/0.10.0/maven-artifact-transfer-0.10.0.jar:/Users/talha.shahab/.m2/repository/org/apache/maven/shared/maven-common-artifact-filters/3.0.1/maven-common-artifact-filters-3.0.1.jar:/Users/talha.shahab/.m2/repository/org/apache/maven/shared/maven-shared-utils/3.1.0/maven-shared-utils-3.1.0.jar:/Users/talha.shahab/.m2/repository/org/ow2/asm/asm/7.0/asm-7.0.jar:/Users/talha.shahab/.m2/repository/org/ow2/asm/asm-commons/7.0/asm-commons-7.0.jar:/Users/talha.shahab/.m2/repository/org/ow2/asm/asm-tree/7.0/asm-tree-7.0.jar:/Users/talha.shahab/.m2/repository/org/ow2/asm/asm-analysis/7.0/asm-analysis-7.0.jar:/Users/talha.shahab/.m2/repository/org/jdom/jdom2/2.0.6/jdom2-2.0.6.jar:/Users/talha.shahab/.m2/repository/org/apache/maven/shared/maven-dependency-tree/3.0.1/maven-dependency-tree-3.0.1.jar:/Users/talha.shahab/.m2/repository/org/eclipse/aether/aether-util/0.9.0.M2/aether-util-0.9.0.M2.jar:/Users/talha.shahab/.m2/repository/org/vafer/jdependency/2.1.1/jdependency-2.1.1.jar:/Users/talha.shahab/.m2/repository/org/ow2/asm/asm-util/7.0-beta/asm-util-7.0-beta.jar:/Users/talha.shahab/.m2/repository/org/ehcache/ehcache/3.8.0/ehcache-3.8.0.jar:/Users/talha.shahab/.m2/repository/org/glassfish/jaxb/jaxb-runtime/2.3.1/jaxb-runtime-2.3.1.jar:/Users/talha.shahab/.m2/repository/org/glassfish/jaxb/txw2/2.3.1/txw2-2.3.1.jar:/Users/talha.shahab/.m2/repository/com/sun/istack/istack-commons-runtime/3.0.7/istack-commons-runtime-3.0.7.jar:/Users/talha.shahab/.m2/repository/org/jvnet/staxex/stax-ex/1.8/stax-ex-1.8.jar:/Users/talha.shahab/.m2/repository/com/sun/xml/fastinfoset/FastInfoset/1.2.15/FastInfoset-1.2.15.jar:/Users/talha.shahab/.m2/repository/javax/activation/javax.activation-api/1.2.0/javax.activation-api-1.2.0.jar:/Users/talha.shahab/.m2/repository/javax/cache/cache-api/1.1.0/cache-api-1.1.0.jar:/Users/talha.shahab/.m2/repository/com/fasterxml/jackson/dataformat/jackson-dataformat-yaml/2.11.1/jackson-dataformat-yaml-2.11.1.jar:/Users/talha.shahab/.m2/repository/com/fasterxml/jackson/core/jackson-core/2.11.1/jackson-core-2.11.1.jar:/Users/talha.shahab/.m2/repository/joda-time/joda-time/2.10.1/joda-time-2.10.1.jar:/Users/talha.shahab/.m2/repository/org/jboss/aerogear/aerogear-otp-java/1.0.0/aerogear-otp-java-1.0.0.jar:/Users/talha.shahab/.m2/repository/com/google/zxing/core/3.3.0/core-3.3.0.jar:/Users/talha.shahab/.m2/repository/com/google/zxing/javase/3.3.0/javase-3.3.0.jar:/Users/talha.shahab/.m2/repository/com/github/jai-imageio/jai-imageio-core/1.3.1/jai-imageio-core-1.3.1.jar:/Users/talha.shahab/.m2/repository/commons-collections/commons-collections/3.2.2/commons-collections-3.2.2.jar:/Users/talha.shahab/.m2/repository/com/opencsv/opencsv/4.5/opencsv-4.5.jar:/Users/talha.shahab/.m2/repository/commons-beanutils/commons-beanutils/1.9.3/commons-beanutils-1.9.3.jar:/Users/talha.shahab/.m2/repository/org/apache/commons/commons-collections4/4.2/commons-collections4-4.2.jar:/Users/talha.shahab/.m2/repository/io/github/bonigarcia/webdrivermanager/5.3.3/webdrivermanager-5.3.3.jar:/Users/talha.shahab/.m2/repository/com/github/docker-java/docker-java/3.3.0/docker-java-3.3.0.jar:/Users/talha.shahab/.m2/repository/com/github/docker-java/docker-java-core/3.3.0/docker-java-core-3.3.0.jar:/Users/talha.shahab/.m2/repository/com/github/docker-java/docker-java-api/3.3.0/docker-java-api-3.3.0.jar:/Users/talha.shahab/.m2/repository/org/apache/commons/commons-compress/1.21/commons-compress-1.21.jar:/Users/talha.shahab/.m2/repository/org/bouncycastle/bcpkix-jdk15on/1.64/bcpkix-jdk15on-1.64.jar:/Users/talha.shahab/.m2/repository/org/bouncycastle/bcprov-jdk15on/1.64/bcprov-jdk15on-1.64.jar:/Users/talha.shahab/.m2/repository/org/slf4j/jcl-over-slf4j/1.7.30/jcl-over-slf4j-1.7.30.jar:/Users/talha.shahab/.m2/repository/com/github/docker-java/docker-java-transport-httpclient5/3.3.0/docker-java-transport-httpclient5-3.3.0.jar:/Users/talha.shahab/.m2/repository/com/github/docker-java/docker-java-transport/3.3.0/docker-java-transport-3.3.0.jar:/Users/talha.shahab/.m2/repository/net/java/dev/jna/jna/5.12.1/jna-5.12.1.jar:/Users/talha.shahab/.m2/repository/org/brotli/dec/0.1.2/dec-0.1.2.jar:/Users/talha.shahab/.m2/repository/org/apache/httpcomponents/client5/httpclient5/5.2.1/httpclient5-5.2.1.jar:/Users/talha.shahab/.m2/repository/org/apache/httpcomponents/core5/httpcore5/5.2/httpcore5-5.2.jar:/Users/talha.shahab/.m2/repository/org/apache/httpcomponents/core5/httpcore5-h2/5.2/httpcore5-h2-5.2.jar:/Users/talha.shahab/.m2/repository/io/cucumber/gherkin/3.2.0/gherkin-3.2.0.jar:/Users/talha.shahab/.m2/repository/io/cucumber/gherkin-jvm-deps/1.0.4/gherkin-jvm-deps-1.0.4.jar:/Users/talha.shahab/.m2/repository/org/junit/jupiter/junit-jupiter-api/5.0.0-M5/junit-jupiter-api-5.0.0-M5.jar:/Users/talha.shahab/.m2/repository/org/opentest4j/opentest4j/1.0.0-M2/opentest4j-1.0.0-M2.jar:/Users/talha.shahab/.m2/repository/org/junit/platform/junit-platform-commons/1.0.0-M5/junit-platform-commons-1.0.0-M5.jar:/Users/talha.shahab/.m2/repository/info/cukes/cucumber-java/1.0.2/cucumber-java-1.0.2.jar:/Users/talha.shahab/.m2/repository/info/cukes/cucumber-core/1.0.2/cucumber-core-1.0.2.jar:/Users/talha.shahab/.m2/repository/info/cukes/gherkin/2.9.3/gherkin-2.9.3.jar:/Users/talha.shahab/.m2/repository/info/cukes/cucumber-html/0.2.1/cucumber-html-0.2.1.jar:/Users/talha.shahab/.m2/repository/info/cukes/cucumber-junit/1.0.2/cucumber-junit-1.0.2.jar:/Users/talha.shahab/.m2/repository/junit/junit/4.10/junit-4.10.jar:/Users/talha.shahab/.m2/repository/org/hamcrest/hamcrest-core/1.1/hamcrest-core-1.1.jar:"/>
    <property name="java.vm.vendor" value="Homebrew"/>
    <property name="sun.arch.data.model" value="64"/>
    <property name="password" value=""/>
    <property name="java.vendor.url" value="https://github.com/Homebrew/homebrew-core/issues"/>
    <property name="os.name" value="Mac OS X"/>
    <property name="java.vm.specification.version" value="19"/>
    <property name="sun.java.launcher" value="SUN_STANDARD"/>
    <property name="user.country" value="PK"/>
    <property name="sun.boot.library.path" value="/opt/homebrew/Cellar/openjdk/19/libexec/openjdk.jdk/Contents/Home/lib"/>
    <property name="sun.java.command" value="/Users/talha.shahab/dev/test2/target/surefire/surefirebooter2348344126682220445.jar /Users/talha.shahab/dev/test2/target/surefire 2023-09-06T21-36-36_142-jvmRun1 surefire15541917844993503347tmp surefire_013682991536555684250tmp"/>
    <property name="http.nonProxyHosts" value="local|*.local|169.254/16|*.169.254/16"/>
    <property name="jdk.debug" value="release"/>
    <property name="surefire.test.class.path" value="/Users/talha.shahab/dev/test2/target/test-classes:/Users/talha.shahab/dev/test2/target/classes:/Users/talha.shahab/.m2/repository/org/testng/testng/6.14.3/testng-6.14.3.jar:/Users/talha.shahab/.m2/repository/com/beust/jcommander/1.72/jcommander-1.72.jar:/Users/talha.shahab/.m2/repository/org/apache-extras/beanshell/bsh/2.0b6/bsh-2.0b6.jar:/Users/talha.shahab/.m2/repository/io/rest-assured/rest-assured/4.1.0/rest-assured-4.1.0.jar:/Users/talha.shahab/.m2/repository/org/codehaus/groovy/groovy/2.5.6/groovy-2.5.6.jar:/Users/talha.shahab/.m2/repository/org/codehaus/groovy/groovy-xml/2.5.6/groovy-xml-2.5.6.jar:/Users/talha.shahab/.m2/repository/org/apache/httpcomponents/httpmime/4.5.3/httpmime-4.5.3.jar:/Users/talha.shahab/.m2/repository/org/hamcrest/hamcrest/2.1/hamcrest-2.1.jar:/Users/talha.shahab/.m2/repository/org/ccil/cowan/tagsoup/tagsoup/1.2.1/tagsoup-1.2.1.jar:/Users/talha.shahab/.m2/repository/io/rest-assured/json-path/4.1.0/json-path-4.1.0.jar:/Users/talha.shahab/.m2/repository/org/codehaus/groovy/groovy-json/2.5.6/groovy-json-2.5.6.jar:/Users/talha.shahab/.m2/repository/io/rest-assured/rest-assured-common/4.1.0/rest-assured-common-4.1.0.jar:/Users/talha.shahab/.m2/repository/io/rest-assured/xml-path/4.1.0/xml-path-4.1.0.jar:/Users/talha.shahab/.m2/repository/javax/xml/bind/jaxb-api/2.2.12/jaxb-api-2.2.12.jar:/Users/talha.shahab/.m2/repository/com/sun/xml/bind/jaxb-osgi/2.2.10/jaxb-osgi-2.2.10.jar:/Users/talha.shahab/.m2/repository/org/apache/sling/org.apache.sling.javax.activation/0.1.0/org.apache.sling.javax.activation-0.1.0.jar:/Users/talha.shahab/.m2/repository/org/seleniumhq/selenium/selenium-java/3.141.59/selenium-java-3.141.59.jar:/Users/talha.shahab/.m2/repository/org/seleniumhq/selenium/selenium-api/3.141.59/selenium-api-3.141.59.jar:/Users/talha.shahab/.m2/repository/org/seleniumhq/selenium/selenium-chrome-driver/3.141.59/selenium-chrome-driver-3.141.59.jar:/Users/talha.shahab/.m2/repository/org/seleniumhq/selenium/selenium-edge-driver/3.141.59/selenium-edge-driver-3.141.59.jar:/Users/talha.shahab/.m2/repository/org/seleniumhq/selenium/selenium-firefox-driver/3.141.59/selenium-firefox-driver-3.141.59.jar:/Users/talha.shahab/.m2/repository/org/seleniumhq/selenium/selenium-ie-driver/3.141.59/selenium-ie-driver-3.141.59.jar:/Users/talha.shahab/.m2/repository/org/seleniumhq/selenium/selenium-opera-driver/3.141.59/selenium-opera-driver-3.141.59.jar:/Users/talha.shahab/.m2/repository/org/seleniumhq/selenium/selenium-remote-driver/3.141.59/selenium-remote-driver-3.141.59.jar:/Users/talha.shahab/.m2/repository/org/seleniumhq/selenium/selenium-safari-driver/3.141.59/selenium-safari-driver-3.141.59.jar:/Users/talha.shahab/.m2/repository/org/seleniumhq/selenium/selenium-support/3.141.59/selenium-support-3.141.59.jar:/Users/talha.shahab/.m2/repository/net/bytebuddy/byte-buddy/1.8.15/byte-buddy-1.8.15.jar:/Users/talha.shahab/.m2/repository/org/apache/commons/commons-exec/1.3/commons-exec-1.3.jar:/Users/talha.shahab/.m2/repository/com/google/guava/guava/25.0-jre/guava-25.0-jre.jar:/Users/talha.shahab/.m2/repository/com/google/code/findbugs/jsr305/1.3.9/jsr305-1.3.9.jar:/Users/talha.shahab/.m2/repository/org/checkerframework/checker-compat-qual/2.0.0/checker-compat-qual-2.0.0.jar:/Users/talha.shahab/.m2/repository/com/google/errorprone/error_prone_annotations/2.1.3/error_prone_annotations-2.1.3.jar:/Users/talha.shahab/.m2/repository/com/google/j2objc/j2objc-annotations/1.1/j2objc-annotations-1.1.jar:/Users/talha.shahab/.m2/repository/org/codehaus/mojo/animal-sniffer-annotations/1.14/animal-sniffer-annotations-1.14.jar:/Users/talha.shahab/.m2/repository/com/squareup/okhttp3/okhttp/3.11.0/okhttp-3.11.0.jar:/Users/talha.shahab/.m2/repository/com/squareup/okio/okio/1.14.0/okio-1.14.0.jar:/Users/talha.shahab/.m2/repository/org/apache/httpcomponents/httpclient/4.5.9/httpclient-4.5.9.jar:/Users/talha.shahab/.m2/repository/org/apache/httpcomponents/httpcore/4.4.11/httpcore-4.4.11.jar:/Users/talha.shahab/.m2/repository/commons-logging/commons-logging/1.2/commons-logging-1.2.jar:/Users/talha.shahab/.m2/repository/commons-codec/commons-codec/1.11/commons-codec-1.11.jar:/Users/talha.shahab/.m2/repository/org/apache/logging/log4j/log4j-api/2.16.0/log4j-api-2.16.0.jar:/Users/talha.shahab/.m2/repository/org/apache/logging/log4j/log4j-core/2.16.0/log4j-core-2.16.0.jar:/Users/talha.shahab/.m2/repository/commons-io/commons-io/2.6/commons-io-2.6.jar:/Users/talha.shahab/.m2/repository/org/apache/commons/commons-lang3/3.8.1/commons-lang3-3.8.1.jar:/Users/talha.shahab/.m2/repository/commons-httpclient/commons-httpclient/3.1/commons-httpclient-3.1.jar:/Users/talha.shahab/.m2/repository/com/fasterxml/jackson/core/jackson-databind/2.9.4/jackson-databind-2.9.4.jar:/Users/talha.shahab/.m2/repository/com/fasterxml/jackson/core/jackson-annotations/2.9.0/jackson-annotations-2.9.0.jar:/Users/talha.shahab/.m2/repository/org/apache/commons/commons-email/1.2/commons-email-1.2.jar:/Users/talha.shahab/.m2/repository/javax/mail/mail/1.4.1/mail-1.4.1.jar:/Users/talha.shahab/.m2/repository/javax/activation/activation/1.1/activation-1.1.jar:/Users/talha.shahab/.m2/repository/org/apache/commons/commons-text/1.6/commons-text-1.6.jar:/Users/talha.shahab/.m2/repository/org/yaml/snakeyaml/1.21/snakeyaml-1.21.jar:/Users/talha.shahab/.m2/repository/com/google/code/gson/gson/2.8.5/gson-2.8.5.jar:/Users/talha.shahab/.m2/repository/com/github/jsurfer/jsurfer-jsonsimple/1.4.3/jsurfer-jsonsimple-1.4.3.jar:/Users/talha.shahab/.m2/repository/com/github/jsurfer/jsurfer-core/1.4.3/jsurfer-core-1.4.3.jar:/Users/talha.shahab/.m2/repository/org/antlr/antlr4-runtime/4.7.1/antlr4-runtime-4.7.1.jar:/Users/talha.shahab/.m2/repository/com/googlecode/json-simple/json-simple/1.1.1/json-simple-1.1.1.jar:/Users/talha.shahab/.m2/repository/com/evanlennick/retry4j/0.15.0/retry4j-0.15.0.jar:/Users/talha.shahab/.m2/repository/org/slf4j/slf4j-api/1.7.19/slf4j-api-1.7.19.jar:/Users/talha.shahab/.m2/repository/net/javacrumbs/json-unit/json-unit-assertj/2.3.0/json-unit-assertj-2.3.0.jar:/Users/talha.shahab/.m2/repository/net/javacrumbs/json-unit/json-unit-core/2.3.0/json-unit-core-2.3.0.jar:/Users/talha.shahab/.m2/repository/net/javacrumbs/json-unit/json-unit-json-path/2.3.0/json-unit-json-path-2.3.0.jar:/Users/talha.shahab/.m2/repository/com/jayway/jsonpath/json-path/2.4.0/json-path-2.4.0.jar:/Users/talha.shahab/.m2/repository/net/minidev/json-smart/2.3/json-smart-2.3.jar:/Users/talha.shahab/.m2/repository/net/minidev/accessors-smart/1.2/accessors-smart-1.2.jar:/Users/talha.shahab/.m2/repository/org/json/json/20180130/json-20180130.jar:/Users/talha.shahab/.m2/repository/org/assertj/assertj-core/3.11.1/assertj-core-3.11.1.jar:/Users/talha.shahab/.m2/repository/com/amazonaws/aws-lambda-java-core/1.2.0/aws-lambda-java-core-1.2.0.jar:/Users/talha.shahab/.m2/repository/org/apache/maven/plugins/maven-shade-plugin/3.2.1/maven-shade-plugin-3.2.1.jar:/Users/talha.shahab/.m2/repository/org/apache/maven/maven-plugin-api/3.0/maven-plugin-api-3.0.jar:/Users/talha.shahab/.m2/repository/org/sonatype/sisu/sisu-inject-plexus/1.4.2/sisu-inject-plexus-1.4.2.jar:/Users/talha.shahab/.m2/repository/org/sonatype/sisu/sisu-inject-bean/1.4.2/sisu-inject-bean-1.4.2.jar:/Users/talha.shahab/.m2/repository/org/sonatype/sisu/sisu-guice/2.1.7/sisu-guice-2.1.7-noaop.jar:/Users/talha.shahab/.m2/repository/org/apache/maven/maven-model/3.0/maven-model-3.0.jar:/Users/talha.shahab/.m2/repository/org/apache/maven/maven-core/3.0/maven-core-3.0.jar:/Users/talha.shahab/.m2/repository/org/apache/maven/maven-settings/3.0/maven-settings-3.0.jar:/Users/talha.shahab/.m2/repository/org/apache/maven/maven-settings-builder/3.0/maven-settings-builder-3.0.jar:/Users/talha.shahab/.m2/repository/org/apache/maven/maven-repository-metadata/3.0/maven-repository-metadata-3.0.jar:/Users/talha.shahab/.m2/repository/org/apache/maven/maven-model-builder/3.0/maven-model-builder-3.0.jar:/Users/talha.shahab/.m2/repository/org/apache/maven/maven-aether-provider/3.0/maven-aether-provider-3.0.jar:/Users/talha.shahab/.m2/repository/org/sonatype/aether/aether-impl/1.7/aether-impl-1.7.jar:/Users/talha.shahab/.m2/repository/org/sonatype/aether/aether-spi/1.7/aether-spi-1.7.jar:/Users/talha.shahab/.m2/repository/org/sonatype/aether/aether-api/1.7/aether-api-1.7.jar:/Users/talha.shahab/.m2/repository/org/sonatype/aether/aether-util/1.7/aether-util-1.7.jar:/Users/talha.shahab/.m2/repository/org/codehaus/plexus/plexus-interpolation/1.14/plexus-interpolation-1.14.jar:/Users/talha.shahab/.m2/repository/org/codehaus/plexus/plexus-classworlds/2.2.3/plexus-classworlds-2.2.3.jar:/Users/talha.shahab/.m2/repository/org/codehaus/plexus/plexus-component-annotations/1.5.5/plexus-component-annotations-1.5.5.jar:/Users/talha.shahab/.m2/repository/org/sonatype/plexus/plexus-sec-dispatcher/1.3/plexus-sec-dispatcher-1.3.jar:/Users/talha.shahab/.m2/repository/org/sonatype/plexus/plexus-cipher/1.4/plexus-cipher-1.4.jar:/Users/talha.shahab/.m2/repository/org/apache/maven/maven-artifact/3.0/maven-artifact-3.0.jar:/Users/talha.shahab/.m2/repository/org/codehaus/plexus/plexus-utils/3.1.0/plexus-utils-3.1.0.jar:/Users/talha.shahab/.m2/repository/org/apache/maven/shared/maven-artifact-transfer/0.10.0/maven-artifact-transfer-0.10.0.jar:/Users/talha.shahab/.m2/repository/org/apache/maven/shared/maven-common-artifact-filters/3.0.1/maven-common-artifact-filters-3.0.1.jar:/Users/talha.shahab/.m2/repository/org/apache/maven/shared/maven-shared-utils/3.1.0/maven-shared-utils-3.1.0.jar:/Users/talha.shahab/.m2/repository/org/ow2/asm/asm/7.0/asm-7.0.jar:/Users/talha.shahab/.m2/repository/org/ow2/asm/asm-commons/7.0/asm-commons-7.0.jar:/Users/talha.shahab/.m2/repository/org/ow2/asm/asm-tree/7.0/asm-tree-7.0.jar:/Users/talha.shahab/.m2/repository/org/ow2/asm/asm-analysis/7.0/asm-analysis-7.0.jar:/Users/talha.shahab/.m2/repository/org/jdom/jdom2/2.0.6/jdom2-2.0.6.jar:/Users/talha.shahab/.m2/repository/org/apache/maven/shared/maven-dependency-tree/3.0.1/maven-dependency-tree-3.0.1.jar:/Users/talha.shahab/.m2/repository/org/eclipse/aether/aether-util/0.9.0.M2/aether-util-0.9.0.M2.jar:/Users/talha.shahab/.m2/repository/org/vafer/jdependency/2.1.1/jdependency-2.1.1.jar:/Users/talha.shahab/.m2/repository/org/ow2/asm/asm-util/7.0-beta/asm-util-7.0-beta.jar:/Users/talha.shahab/.m2/repository/org/ehcache/ehcache/3.8.0/ehcache-3.8.0.jar:/Users/talha.shahab/.m2/repository/org/glassfish/jaxb/jaxb-runtime/2.3.1/jaxb-runtime-2.3.1.jar:/Users/talha.shahab/.m2/repository/org/glassfish/jaxb/txw2/2.3.1/txw2-2.3.1.jar:/Users/talha.shahab/.m2/repository/com/sun/istack/istack-commons-runtime/3.0.7/istack-commons-runtime-3.0.7.jar:/Users/talha.shahab/.m2/repository/org/jvnet/staxex/stax-ex/1.8/stax-ex-1.8.jar:/Users/talha.shahab/.m2/repository/com/sun/xml/fastinfoset/FastInfoset/1.2.15/FastInfoset-1.2.15.jar:/Users/talha.shahab/.m2/repository/javax/activation/javax.activation-api/1.2.0/javax.activation-api-1.2.0.jar:/Users/talha.shahab/.m2/repository/javax/cache/cache-api/1.1.0/cache-api-1.1.0.jar:/Users/talha.shahab/.m2/repository/com/fasterxml/jackson/dataformat/jackson-dataformat-yaml/2.11.1/jackson-dataformat-yaml-2.11.1.jar:/Users/talha.shahab/.m2/repository/com/fasterxml/jackson/core/jackson-core/2.11.1/jackson-core-2.11.1.jar:/Users/talha.shahab/.m2/repository/joda-time/joda-time/2.10.1/joda-time-2.10.1.jar:/Users/talha.shahab/.m2/repository/org/jboss/aerogear/aerogear-otp-java/1.0.0/aerogear-otp-java-1.0.0.jar:/Users/talha.shahab/.m2/repository/com/google/zxing/core/3.3.0/core-3.3.0.jar:/Users/talha.shahab/.m2/repository/com/google/zxing/javase/3.3.0/javase-3.3.0.jar:/Users/talha.shahab/.m2/repository/com/github/jai-imageio/jai-imageio-core/1.3.1/jai-imageio-core-1.3.1.jar:/Users/talha.shahab/.m2/repository/commons-collections/commons-collections/3.2.2/commons-collections-3.2.2.jar:/Users/talha.shahab/.m2/repository/com/opencsv/opencsv/4.5/opencsv-4.5.jar:/Users/talha.shahab/.m2/repository/commons-beanutils/commons-beanutils/1.9.3/commons-beanutils-1.9.3.jar:/Users/talha.shahab/.m2/repository/org/apache/commons/commons-collections4/4.2/commons-collections4-4.2.jar:/Users/talha.shahab/.m2/repository/io/github/bonigarcia/webdrivermanager/5.3.3/webdrivermanager-5.3.3.jar:/Users/talha.shahab/.m2/repository/com/github/docker-java/docker-java/3.3.0/docker-java-3.3.0.jar:/Users/talha.shahab/.m2/repository/com/github/docker-java/docker-java-core/3.3.0/docker-java-core-3.3.0.jar:/Users/talha.shahab/.m2/repository/com/github/docker-java/docker-java-api/3.3.0/docker-java-api-3.3.0.jar:/Users/talha.shahab/.m2/repository/org/apache/commons/commons-compress/1.21/commons-compress-1.21.jar:/Users/talha.shahab/.m2/repository/org/bouncycastle/bcpkix-jdk15on/1.64/bcpkix-jdk15on-1.64.jar:/Users/talha.shahab/.m2/repository/org/bouncycastle/bcprov-jdk15on/1.64/bcprov-jdk15on-1.64.jar:/Users/talha.shahab/.m2/repository/org/slf4j/jcl-over-slf4j/1.7.30/jcl-over-slf4j-1.7.30.jar:/Users/talha.shahab/.m2/repository/com/github/docker-java/docker-java-transport-httpclient5/3.3.0/docker-java-transport-httpclient5-3.3.0.jar:/Users/talha.shahab/.m2/repository/com/github/docker-java/docker-java-transport/3.3.0/docker-java-transport-3.3.0.jar:/Users/talha.shahab/.m2/repository/net/java/dev/jna/jna/5.12.1/jna-5.12.1.jar:/Users/talha.shahab/.m2/repository/org/brotli/dec/0.1.2/dec-0.1.2.jar:/Users/talha.shahab/.m2/repository/org/apache/httpcomponents/client5/httpclient5/5.2.1/httpclient5-5.2.1.jar:/Users/talha.shahab/.m2/repository/org/apache/httpcomponents/core5/httpcore5/5.2/httpcore5-5.2.jar:/Users/talha.shahab/.m2/repository/org/apache/httpcomponents/core5/httpcore5-h2/5.2/httpcore5-h2-5.2.jar:/Users/talha.shahab/.m2/repository/io/cucumber/gherkin/3.2.0/gherkin-3.2.0.jar:/Users/talha.shahab/.m2/repository/io/cucumber/gherkin-jvm-deps/1.0.4/gherkin-jvm-deps-1.0.4.jar:/Users/talha.shahab/.m2/repository/org/junit/jupiter/junit-jupiter-api/5.0.0-M5/junit-jupiter-api-5.0.0-M5.jar:/Users/talha.shahab/.m2/repository/org/opentest4j/opentest4j/1.0.0-M2/opentest4j-1.0.0-M2.jar:/Users/talha.shahab/.m2/repository/org/junit/platform/junit-platform-commons/1.0.0-M5/junit-platform-commons-1.0.0-M5.jar:/Users/talha.shahab/.m2/repository/info/cukes/cucumber-java/1.0.2/cucumber-java-1.0.2.jar:/Users/talha.shahab/.m2/repository/info/cukes/cucumber-core/1.0.2/cucumber-core-1.0.2.jar:/Users/talha.shahab/.m2/repository/info/cukes/gherkin/2.9.3/gherkin-2.9.3.jar:/Users/talha.shahab/.m2/repository/info/cukes/cucumber-html/0.2.1/cucumber-html-0.2.1.jar:/Users/talha.shahab/.m2/repository/info/cukes/cucumber-junit/1.0.2/cucumber-junit-1.0.2.jar:/Users/talha.shahab/.m2/repository/junit/junit/4.10/junit-4.10.jar:/Users/talha.shahab/.m2/repository/org/hamcrest/hamcrest-core/1.1/hamcrest-core-1.1.jar:"/>
    <property name="sun.cpu.endian" value="little"/>
    <property name="user.home" value="/Users/talha.shahab"/>
    <property name="user.language" value="en"/>
    <property name="java.specification.vendor" value="Oracle Corporation"/>
    <property name="java.version.date" value="2022-09-20"/>
    <property name="java.home" value="/opt/homebrew/Cellar/openjdk/19/libexec/openjdk.jdk/Contents/Home"/>
    <property name="file.separator" value="/"/>
    <property name="basedir" value="/Users/talha.shahab/dev/test2"/>
    <property name="java.vm.compressedOopsMode" value="Zero based"/>
    <property name="line.separator" value="&#10;"/>
    <property name="java.vm.specification.vendor" value="Oracle Corporation"/>
    <property name="java.specification.name" value="Java Platform API Specification"/>
    <property name="apple.awt.application.name" value="ForkedBooter"/>
    <property name="surefire.real.class.path" value="/Users/talha.shahab/dev/test2/target/surefire/surefirebooter2348344126682220445.jar"/>
    <property name="sun.management.compiler" value="HotSpot 64-Bit Tiered Compilers"/>
    <property name="ftp.nonProxyHosts" value="local|*.local|169.254/16|*.169.254/16"/>
    <property name="java.runtime.version" value="19"/>
    <property name="user.name" value="talha.shahab"/>
    <property name="stdout.encoding" value="UTF-8"/>
    <property name="path.separator" value=":"/>
    <property name="os.version" value="13.4.1"/>
    <property name="java.runtime.name" value="OpenJDK Runtime Environment"/>
    <property name="file.encoding" value="UTF-8"/>
    <property name="java.vm.name" value="OpenJDK 64-Bit Server VM"/>
    <property name="java.vendor.version" value="Homebrew"/>
    <property name="localRepository" value="/Users/talha.shahab/.m2/repository"/>
    <property name="java.vendor.url.bug" value="https://github.com/Homebrew/homebrew-core/issues"/>
    <property name="java.io.tmpdir" value="/var/folders/pp/rj3bkb_56n70j_lt6g2kglwc0000gn/T/"/>
    <property name="java.version" value="19"/>
    <property name="user.dir" value="/Users/talha.shahab/dev/test2"/>
    <property name="os.arch" value="aarch64"/>
    <property name="java.vm.specification.name" value="Java Virtual Machine Specification"/>
    <property name="env" value=""/>
    <property name="native.encoding" value="UTF-8"/>
    <property name="java.library.path" value="/Users/talha.shahab/Library/Java/Extensions:/Library/Java/Extensions:/Network/Library/Java/Extensions:/System/Library/Java/Extensions:/usr/lib/java:."/>
    <property name="java.vm.info" value="mixed mode, sharing"/>
    <property name="stderr.encoding" value="UTF-8"/>
    <property name="java.vendor" value="Homebrew"/>
    <property name="java.vm.version" value="19"/>
    <property name="propertyName" value="propertyValue"/>
    <property name="sun.io.unicode.encoding" value="UnicodeBig"/>
    <property name="socksNonProxyHosts" value="local|*.local|169.254/16|*.169.254/16"/>
    <property name="java.class.version" value="63.0"/>
    <property name="username" value=""/>
  </properties>
  <testcase name="loginTest" classname="test.APITest" time="7.919"/>
  <testcase name="loginValidationTest" classname="test.APITest" time="5.737"/>
</testsuite>