<?xml version="1.0" encoding="UTF-8"?>
<!-- Generated by org.testng.reporters.JUnitReportReporter -->
<testsuite hostname="Talha-Shahabs-MacBook-Pro.local" failures="0" tests="2" name="test.APITest" time="13.656" errors="0" timestamp="06 Sept 2023 16:36:55 GMT" skipped="0">
  <testcase classname="test.APITest" name="loginTest" time="7.918"/>
  <testcase classname="test.APITest" name="loginValidationTest" time="5.738"/>
</testsuite> <!-- test.APITest -->
